Performing C SOURCE FILE Test CMAKE_HAVE_LIBC_PTHREAD failed with the following output:
Change Dir: /workspace/calibration/learnopencv/ObjectDetection-YOLO/build/CMakeFiles/CMakeTmp

Run Build Command(s):/usr/bin/make cmTC_9a6bf/fast && /usr/bin/make  -f CMakeFiles/cmTC_9a6bf.dir/build.make CMakeFiles/cmTC_9a6bf.dir/build
make[1]: Entering directory '/workspace/calibration/learnopencv/ObjectDetection-YOLO/build/CMakeFiles/CMakeTmp'
Building C object CMakeFiles/cmTC_9a6bf.dir/src.c.o
/usr/bin/cc   -fPIC -DCMAKE_HAVE_LIBC_PTHREAD -o CMakeFiles/cmTC_9a6bf.dir/src.c.o -c /workspace/calibration/learnopencv/ObjectDetection-YOLO/build/CMakeFiles/CMakeTmp/src.c
Linking C executable cmTC_9a6bf
/opt/cmake-3.18.2-Linux-x86_64/bin/cmake -E cmake_link_script CMakeFiles/cmTC_9a6bf.dir/link.txt --verbose=1
/usr/bin/cc -fPIC -DCMAKE_HAVE_LIBC_PTHREAD -rdynamic CMakeFiles/cmTC_9a6bf.dir/src.c.o -o cmTC_9a6bf 
CMakeFiles/cmTC_9a6bf.dir/src.c.o: In function `main':
src.c:(.text+0x3e): undefined reference to `pthread_create'
src.c:(.text+0x4a): undefined reference to `pthread_detach'
src.c:(.text+0x56): undefined reference to `pthread_cancel'
src.c:(.text+0x67): undefined reference to `pthread_join'
src.c:(.text+0x7b): undefined reference to `pthread_atfork'
collect2: error: ld returned 1 exit status
CMakeFiles/cmTC_9a6bf.dir/build.make:105: recipe for target 'cmTC_9a6bf' failed
make[1]: *** [cmTC_9a6bf] Error 1
make[1]: Leaving directory '/workspace/calibration/learnopencv/ObjectDetection-YOLO/build/CMakeFiles/CMakeTmp'
Makefile:140: recipe for target 'cmTC_9a6bf/fast' failed
make: *** [cmTC_9a6bf/fast] Error 2


Source file was:
#include <pthread.h>

void* test_func(void* data)
{
  return data;
}

int main(void)
{
  pthread_t thread;
  pthread_create(&thread, NULL, test_func, NULL);
  pthread_detach(thread);
  pthread_cancel(thread);
  pthread_join(thread, NULL);
  pthread_atfork(NULL, NULL, NULL);
  pthread_exit(NULL);

  return 0;
}

Determining if the function pthread_create exists in the pthreads failed with the following output:
Change Dir: /workspace/calibration/learnopencv/ObjectDetection-YOLO/build/CMakeFiles/CMakeTmp

Run Build Command(s):/usr/bin/make cmTC_cbb07/fast && /usr/bin/make  -f CMakeFiles/cmTC_cbb07.dir/build.make CMakeFiles/cmTC_cbb07.dir/build
make[1]: Entering directory '/workspace/calibration/learnopencv/ObjectDetection-YOLO/build/CMakeFiles/CMakeTmp'
Building C object CMakeFiles/cmTC_cbb07.dir/CheckFunctionExists.c.o
/usr/bin/cc   -fPIC -DCHECK_FUNCTION_EXISTS=pthread_create -o CMakeFiles/cmTC_cbb07.dir/CheckFunctionExists.c.o -c /opt/cmake-3.18.2-Linux-x86_64/share/cmake-3.18/Modules/CheckFunctionExists.c
Linking C executable cmTC_cbb07
/opt/cmake-3.18.2-Linux-x86_64/bin/cmake -E cmake_link_script CMakeFiles/cmTC_cbb07.dir/link.txt --verbose=1
/usr/bin/cc -fPIC -DCHECK_FUNCTION_EXISTS=pthread_create -rdynamic CMakeFiles/cmTC_cbb07.dir/CheckFunctionExists.c.o -o cmTC_cbb07  -lpthreads 
/usr/bin/ld: cannot find -lpthreads
collect2: error: ld returned 1 exit status
CMakeFiles/cmTC_cbb07.dir/build.make:105: recipe for target 'cmTC_cbb07' failed
make[1]: *** [cmTC_cbb07] Error 1
make[1]: Leaving directory '/workspace/calibration/learnopencv/ObjectDetection-YOLO/build/CMakeFiles/CMakeTmp'
Makefile:140: recipe for target 'cmTC_cbb07/fast' failed
make: *** [cmTC_cbb07/fast] Error 2



